[error] [2023-06-08T11:06:30.602Z] Cannot read properties of undefined (reading 'emit') 121
[error] [2023-06-08T11:31:10.472Z] Пользователь не авторизован
[error] [2023-06-08T11:31:30.076Z] Cannot read properties of undefined (reading 'emit')
[error] [2023-06-08T11:31:30.076Z] [object Promise]
[error] [2023-06-08T11:32:57.703Z] Cannot read properties of undefined (reading 'emit')
[error] [2023-06-08T11:32:58.110Z] listen EADDRINUSE: address already in use :::5000
[error] [2023-06-08T11:35:19.645Z] Cannot read properties of undefined (reading 'emit') TypeError: Cannot read properties of undefined (reading 'emit')
    at getRestUnread (C:\Users\John\Desktop\aut\server\SocketIO\index.js:186:62)
    at process.processTicksAndRejections (node:internal/process/task_queues:95:5)
[error] [2023-06-08T11:36:09.950Z] Cannot read properties of undefined (reading 'emit') TypeError: Cannot read properties of undefined (reading 'emit')
    at getRestUnread (C:\Users\John\Desktop\aut\server\SocketIO\index.js:186:62)
    at process.processTicksAndRejections (node:internal/process/task_queues:95:5)
[error] [2023-06-22T13:13:34.600Z] Cannot read properties of null (reading 'id') TypeError: Cannot read properties of null (reading 'id')
    at C:\Users\John\Desktop\aut\server\SocketIO\index.js:50:43
    at Array.map (<anonymous>)
    at IOconnect (C:\Users\John\Desktop\aut\server\SocketIO\index.js:49:16)
    at process.processTicksAndRejections (node:internal/process/task_queues:95:5)
[error] [2023-06-22T13:13:43.910Z] Cannot read properties of null (reading 'id') TypeError: Cannot read properties of null (reading 'id')
    at C:\Users\John\Desktop\aut\server\SocketIO\index.js:50:43
    at Array.map (<anonymous>)
    at IOconnect (C:\Users\John\Desktop\aut\server\SocketIO\index.js:49:16)
    at process.processTicksAndRejections (node:internal/process/task_queues:95:5)
[error] [2023-06-22T13:14:45.753Z] Cannot read properties of null (reading 'id') TypeError: Cannot read properties of null (reading 'id')
    at C:\Users\John\Desktop\aut\server\SocketIO\index.js:50:43
    at Array.map (<anonymous>)
    at IOconnect (C:\Users\John\Desktop\aut\server\SocketIO\index.js:49:16)
    at process.processTicksAndRejections (node:internal/process/task_queues:95:5)
[error] [2023-06-22T13:17:42.659Z] Cannot read properties of null (reading 'id') TypeError: Cannot read properties of null (reading 'id')
    at C:\Users\John\Desktop\aut\server\SocketIO\index.js:50:43
    at Array.map (<anonymous>)
    at IOconnect (C:\Users\John\Desktop\aut\server\SocketIO\index.js:49:16)
    at process.processTicksAndRejections (node:internal/process/task_queues:95:5)
[error] [2023-06-22T13:22:54.157Z] Cannot read properties of null (reading 'id') TypeError: Cannot read properties of null (reading 'id')
    at C:\Users\John\Desktop\aut\server\SocketIO\index.js:50:43
    at Array.map (<anonymous>)
    at IOconnect (C:\Users\John\Desktop\aut\server\SocketIO\index.js:49:16)
    at process.processTicksAndRejections (node:internal/process/task_queues:95:5)
[error] [2023-06-22T13:28:27.214Z] Cannot read properties of null (reading 'id') TypeError: Cannot read properties of null (reading 'id')
    at C:\Users\John\Desktop\aut\server\SocketIO\index.js:50:43
    at Array.map (<anonymous>)
    at IOconnect (C:\Users\John\Desktop\aut\server\SocketIO\index.js:49:16)
    at process.processTicksAndRejections (node:internal/process/task_queues:95:5)
[error] [2023-06-22T13:28:42.310Z] Cannot read properties of null (reading 'id') TypeError: Cannot read properties of null (reading 'id')
    at C:\Users\John\Desktop\aut\server\SocketIO\index.js:50:43
    at Array.map (<anonymous>)
    at IOconnect (C:\Users\John\Desktop\aut\server\SocketIO\index.js:49:16)
    at process.processTicksAndRejections (node:internal/process/task_queues:95:5)
[error] [2023-06-22T13:29:19.866Z] Cannot read properties of null (reading 'id') TypeError: Cannot read properties of null (reading 'id')
    at C:\Users\John\Desktop\aut\server\SocketIO\index.js:50:43
    at Array.map (<anonymous>)
    at IOconnect (C:\Users\John\Desktop\aut\server\SocketIO\index.js:49:16)
    at process.processTicksAndRejections (node:internal/process/task_queues:95:5)
[error] [2023-06-22T13:45:38.979Z] Cannot read properties of null (reading 'id') TypeError: Cannot read properties of null (reading 'id')
    at C:\Users\John\Desktop\aut\server\SocketIO\index.js:50:43
    at Array.map (<anonymous>)
    at IOconnect (C:\Users\John\Desktop\aut\server\SocketIO\index.js:49:16)
    at process.processTicksAndRejections (node:internal/process/task_queues:95:5)
[error] [2023-06-27T10:50:14.942Z] Cannot read properties of null (reading 'id') TypeError: Cannot read properties of null (reading 'id')
    at C:\Users\John\Desktop\aut\server\SocketIO\index.js:50:43
    at Array.map (<anonymous>)
    at IOconnect (C:\Users\John\Desktop\aut\server\SocketIO\index.js:49:16)
    at process.processTicksAndRejections (node:internal/process/task_queues:95:5)
[error] [2023-06-27T11:36:23.047Z] Cannot read properties of null (reading 'id') TypeError: Cannot read properties of null (reading 'id')
    at C:\Users\John\Desktop\aut\server\SocketIO\index.js:50:43
    at Array.map (<anonymous>)
    at IOconnect (C:\Users\John\Desktop\aut\server\SocketIO\index.js:49:16)
    at process.processTicksAndRejections (node:internal/process/task_queues:95:5)
